E:\Git\ReportBuilder\ReportBuilder\wwwroot\dist\ts\site.js
E:\Git\ReportBuilder\ReportBuilder\wwwroot\dist\ts\site.js.map
E:\Git\ReportBuilder\ReportBuilder\wwwroot\dist\ts\site.d.ts
E:\Git\ReportBuilder\ReportBuilder\wwwroot\dist\ts\index.js
E:\Git\ReportBuilder\ReportBuilder\wwwroot\dist\ts\index.js.map
E:\Git\ReportBuilder\ReportBuilder\wwwroot\dist\ts\index.d.ts
E:\Git\ReportBuilder\ReportBuilder\wwwroot\dist\ts\site.js
E:\Git\ReportBuilder\ReportBuilder\wwwroot\dist\ts\site.js.map
E:\Git\ReportBuilder\ReportBuilder\wwwroot\dist\ts\site.d.ts
E:\Git\ReportBuilder\ReportBuilder\wwwroot\dist\ts\index.js
E:\Git\ReportBuilder\ReportBuilder\wwwroot\dist\ts\index.js.map
E:\Git\ReportBuilder\ReportBuilder\wwwroot\dist\ts\index.d.ts
E:\Git\ReportBuilder\ReportBuilder\wwwroot\dist\ts\helpers\Helpers.js
E:\Git\ReportBuilder\ReportBuilder\wwwroot\dist\ts\helpers\Helpers.js.map
E:\Git\ReportBuilder\ReportBuilder\wwwroot\dist\ts\helpers\Helpers.d.ts
E:\Git\ReportBuilder\ReportBuilder\wwwroot\dist\ts\components\Enums.js
E:\Git\ReportBuilder\ReportBuilder\wwwroot\dist\ts\components\Enums.js.map
E:\Git\ReportBuilder\ReportBuilder\wwwroot\dist\ts\components\Enums.d.ts
E:\Git\ReportBuilder\ReportBuilder\wwwroot\dist\ts\components\TextControls.js
E:\Git\ReportBuilder\ReportBuilder\wwwroot\dist\ts\components\TextControls.js.map
E:\Git\ReportBuilder\ReportBuilder\wwwroot\dist\ts\components\TextControls.d.ts
E:\Git\ReportBuilder\ReportBuilder\wwwroot\dist\ts\components\Header.js
E:\Git\ReportBuilder\ReportBuilder\wwwroot\dist\ts\components\Header.js.map
E:\Git\ReportBuilder\ReportBuilder\wwwroot\dist\ts\components\Header.d.ts
E:\Git\ReportBuilder\ReportBuilder\wwwroot\dist\ts\components\Link.js
E:\Git\ReportBuilder\ReportBuilder\wwwroot\dist\ts\components\Link.js.map
E:\Git\ReportBuilder\ReportBuilder\wwwroot\dist\ts\components\Link.d.ts
E:\Git\ReportBuilder\ReportBuilder\wwwroot\dist\ts\components\Text.js
E:\Git\ReportBuilder\ReportBuilder\wwwroot\dist\ts\components\Text.js.map
E:\Git\ReportBuilder\ReportBuilder\wwwroot\dist\ts\components\Text.d.ts
E:\Git\ReportBuilder\ReportBuilder\wwwroot\dist\ts\site.js
E:\Git\ReportBuilder\ReportBuilder\wwwroot\dist\ts\site.js.map
E:\Git\ReportBuilder\ReportBuilder\wwwroot\dist\ts\site.d.ts
E:\Git\ReportBuilder\ReportBuilder\wwwroot\dist\ts\index.js
E:\Git\ReportBuilder\ReportBuilder\wwwroot\dist\ts\index.js.map
E:\Git\ReportBuilder\ReportBuilder\wwwroot\dist\ts\index.d.ts
E:\Git\ReportBuilder\ReportBuilder\wwwroot\dist\ts\helpers\Helpers.js
E:\Git\ReportBuilder\ReportBuilder\wwwroot\dist\ts\helpers\Helpers.js.map
E:\Git\ReportBuilder\ReportBuilder\wwwroot\dist\ts\helpers\Helpers.d.ts
E:\Git\ReportBuilder\ReportBuilder\wwwroot\dist\ts\components\Enums.js
E:\Git\ReportBuilder\ReportBuilder\wwwroot\dist\ts\components\Enums.js.map
E:\Git\ReportBuilder\ReportBuilder\wwwroot\dist\ts\components\Enums.d.ts
E:\Git\ReportBuilder\ReportBuilder\wwwroot\dist\ts\components\TextControls.js
E:\Git\ReportBuilder\ReportBuilder\wwwroot\dist\ts\components\TextControls.js.map
E:\Git\ReportBuilder\ReportBuilder\wwwroot\dist\ts\components\TextControls.d.ts
E:\Git\ReportBuilder\ReportBuilder\wwwroot\dist\ts\components\Header.js
E:\Git\ReportBuilder\ReportBuilder\wwwroot\dist\ts\components\Header.js.map
E:\Git\ReportBuilder\ReportBuilder\wwwroot\dist\ts\components\Header.d.ts
E:\Git\ReportBuilder\ReportBuilder\wwwroot\dist\ts\components\Link.js
E:\Git\ReportBuilder\ReportBuilder\wwwroot\dist\ts\components\Link.js.map
E:\Git\ReportBuilder\ReportBuilder\wwwroot\dist\ts\components\Link.d.ts
E:\Git\ReportBuilder\ReportBuilder\wwwroot\dist\ts\components\Text.js
E:\Git\ReportBuilder\ReportBuilder\wwwroot\dist\ts\components\Text.js.map
E:\Git\ReportBuilder\ReportBuilder\wwwroot\dist\ts\components\Text.d.ts
E:\Git\ReportBuilder\ReportBuilder\wwwroot\dist\ts\site.js
E:\Git\ReportBuilder\ReportBuilder\wwwroot\dist\ts\site.js.map
E:\Git\ReportBuilder\ReportBuilder\wwwroot\dist\ts\site.d.ts
E:\Git\ReportBuilder\ReportBuilder\wwwroot\dist\ts\index.js
E:\Git\ReportBuilder\ReportBuilder\wwwroot\dist\ts\index.js.map
E:\Git\ReportBuilder\ReportBuilder\wwwroot\dist\ts\index.d.ts
E:\Git\ReportBuilder\ReportBuilder\wwwroot\dist\ts\helpers\Helpers.js
E:\Git\ReportBuilder\ReportBuilder\wwwroot\dist\ts\helpers\Helpers.js.map
E:\Git\ReportBuilder\ReportBuilder\wwwroot\dist\ts\helpers\Helpers.d.ts
E:\Git\ReportBuilder\ReportBuilder\wwwroot\dist\ts\components\Enums.js
E:\Git\ReportBuilder\ReportBuilder\wwwroot\dist\ts\components\Enums.js.map
E:\Git\ReportBuilder\ReportBuilder\wwwroot\dist\ts\components\Enums.d.ts
E:\Git\ReportBuilder\ReportBuilder\wwwroot\dist\ts\components\TextControls.js
E:\Git\ReportBuilder\ReportBuilder\wwwroot\dist\ts\components\TextControls.js.map
E:\Git\ReportBuilder\ReportBuilder\wwwroot\dist\ts\components\TextControls.d.ts
E:\Git\ReportBuilder\ReportBuilder\wwwroot\dist\ts\components\Link.js
E:\Git\ReportBuilder\ReportBuilder\wwwroot\dist\ts\components\Link.js.map
E:\Git\ReportBuilder\ReportBuilder\wwwroot\dist\ts\components\Link.d.ts
E:\Git\ReportBuilder\ReportBuilder\wwwroot\dist\ts\components\Text.js
E:\Git\ReportBuilder\ReportBuilder\wwwroot\dist\ts\components\Text.js.map
E:\Git\ReportBuilder\ReportBuilder\wwwroot\dist\ts\components\Text.d.ts
E:\Git\ReportBuilder\ReportBuilder\wwwroot\dist\ts\site.js
E:\Git\ReportBuilder\ReportBuilder\wwwroot\dist\ts\site.js.map
E:\Git\ReportBuilder\ReportBuilder\wwwroot\dist\ts\site.d.ts
E:\Git\ReportBuilder\ReportBuilder\wwwroot\dist\ts\index.js
E:\Git\ReportBuilder\ReportBuilder\wwwroot\dist\ts\index.js.map
E:\Git\ReportBuilder\ReportBuilder\wwwroot\dist\ts\index.d.ts
E:\Git\ReportBuilder\ReportBuilder\wwwroot\dist\ts\helpers\Helpers.js
E:\Git\ReportBuilder\ReportBuilder\wwwroot\dist\ts\helpers\Helpers.js.map
E:\Git\ReportBuilder\ReportBuilder\wwwroot\dist\ts\helpers\Helpers.d.ts
E:\Git\ReportBuilder\ReportBuilder\wwwroot\dist\ts\components\Enums.js
E:\Git\ReportBuilder\ReportBuilder\wwwroot\dist\ts\components\Enums.js.map
E:\Git\ReportBuilder\ReportBuilder\wwwroot\dist\ts\components\Enums.d.ts
E:\Git\ReportBuilder\ReportBuilder\wwwroot\dist\ts\components\TextControls.js
E:\Git\ReportBuilder\ReportBuilder\wwwroot\dist\ts\components\TextControls.js.map
E:\Git\ReportBuilder\ReportBuilder\wwwroot\dist\ts\components\TextControls.d.ts
E:\Git\ReportBuilder\ReportBuilder\wwwroot\dist\ts\components\Link.js
E:\Git\ReportBuilder\ReportBuilder\wwwroot\dist\ts\components\Link.js.map
E:\Git\ReportBuilder\ReportBuilder\wwwroot\dist\ts\components\Link.d.ts
E:\Git\ReportBuilder\ReportBuilder\wwwroot\dist\ts\components\Text.js
E:\Git\ReportBuilder\ReportBuilder\wwwroot\dist\ts\components\Text.js.map
E:\Git\ReportBuilder\ReportBuilder\wwwroot\dist\ts\components\Text.d.ts
E:\Git\ReportBuilder\ReportBuilder\wwwroot\dist\ts\site.js
E:\Git\ReportBuilder\ReportBuilder\wwwroot\dist\ts\site.js.map
E:\Git\ReportBuilder\ReportBuilder\wwwroot\dist\ts\site.d.ts
E:\Git\ReportBuilder\ReportBuilder\wwwroot\dist\ts\index.js
E:\Git\ReportBuilder\ReportBuilder\wwwroot\dist\ts\index.js.map
E:\Git\ReportBuilder\ReportBuilder\wwwroot\dist\ts\index.d.ts
E:\Git\ReportBuilder\ReportBuilder\wwwroot\dist\ts\helpers\Helpers.js
E:\Git\ReportBuilder\ReportBuilder\wwwroot\dist\ts\helpers\Helpers.js.map
E:\Git\ReportBuilder\ReportBuilder\wwwroot\dist\ts\helpers\Helpers.d.ts
E:\Git\ReportBuilder\ReportBuilder\wwwroot\dist\ts\components\Enums.js
E:\Git\ReportBuilder\ReportBuilder\wwwroot\dist\ts\components\Enums.js.map
E:\Git\ReportBuilder\ReportBuilder\wwwroot\dist\ts\components\Enums.d.ts
E:\Git\ReportBuilder\ReportBuilder\wwwroot\dist\ts\components\TextControls.js
E:\Git\ReportBuilder\ReportBuilder\wwwroot\dist\ts\components\TextControls.js.map
E:\Git\ReportBuilder\ReportBuilder\wwwroot\dist\ts\components\TextControls.d.ts
E:\Git\ReportBuilder\ReportBuilder\wwwroot\dist\ts\components\Link.js
E:\Git\ReportBuilder\ReportBuilder\wwwroot\dist\ts\components\Link.js.map
E:\Git\ReportBuilder\ReportBuilder\wwwroot\dist\ts\components\Link.d.ts
E:\Git\ReportBuilder\ReportBuilder\wwwroot\dist\ts\components\Text.js
E:\Git\ReportBuilder\ReportBuilder\wwwroot\dist\ts\components\Text.js.map
E:\Git\ReportBuilder\ReportBuilder\wwwroot\dist\ts\components\Text.d.ts
E:\Git\ReportBuilder\ReportBuilder\wwwroot\dist\ts\site.js
E:\Git\ReportBuilder\ReportBuilder\wwwroot\dist\ts\site.js.map
E:\Git\ReportBuilder\ReportBuilder\wwwroot\dist\ts\site.d.ts
E:\Git\ReportBuilder\ReportBuilder\wwwroot\dist\ts\index.js
E:\Git\ReportBuilder\ReportBuilder\wwwroot\dist\ts\index.js.map
E:\Git\ReportBuilder\ReportBuilder\wwwroot\dist\ts\index.d.ts
E:\Git\ReportBuilder\ReportBuilder\wwwroot\dist\ts\helpers\Helpers.js
E:\Git\ReportBuilder\ReportBuilder\wwwroot\dist\ts\helpers\Helpers.js.map
E:\Git\ReportBuilder\ReportBuilder\wwwroot\dist\ts\helpers\Helpers.d.ts
E:\Git\ReportBuilder\ReportBuilder\wwwroot\dist\ts\components\Enums.js
E:\Git\ReportBuilder\ReportBuilder\wwwroot\dist\ts\components\Enums.js.map
E:\Git\ReportBuilder\ReportBuilder\wwwroot\dist\ts\components\Enums.d.ts
E:\Git\ReportBuilder\ReportBuilder\wwwroot\dist\ts\components\Text.js
E:\Git\ReportBuilder\ReportBuilder\wwwroot\dist\ts\components\Text.js.map
E:\Git\ReportBuilder\ReportBuilder\wwwroot\dist\ts\components\Text.d.ts
E:\Git\ReportBuilder\ReportBuilder\wwwroot\dist\ts\components\TextControls.js
E:\Git\ReportBuilder\ReportBuilder\wwwroot\dist\ts\components\TextControls.js.map
E:\Git\ReportBuilder\ReportBuilder\wwwroot\dist\ts\components\TextControls.d.ts
E:\Git\ReportBuilder\ReportBuilder\wwwroot\dist\ts\site.js
E:\Git\ReportBuilder\ReportBuilder\wwwroot\dist\ts\site.js.map
E:\Git\ReportBuilder\ReportBuilder\wwwroot\dist\ts\site.d.ts
E:\Git\ReportBuilder\ReportBuilder\wwwroot\dist\ts\index.js
E:\Git\ReportBuilder\ReportBuilder\wwwroot\dist\ts\index.js.map
E:\Git\ReportBuilder\ReportBuilder\wwwroot\dist\ts\index.d.ts
E:\Git\ReportBuilder\ReportBuilder\wwwroot\dist\ts\helpers\Helpers.js
E:\Git\ReportBuilder\ReportBuilder\wwwroot\dist\ts\helpers\Helpers.js.map
E:\Git\ReportBuilder\ReportBuilder\wwwroot\dist\ts\helpers\Helpers.d.ts
E:\Git\ReportBuilder\ReportBuilder\wwwroot\dist\ts\components\Enums.js
E:\Git\ReportBuilder\ReportBuilder\wwwroot\dist\ts\components\Enums.js.map
E:\Git\ReportBuilder\ReportBuilder\wwwroot\dist\ts\components\Enums.d.ts
E:\Git\ReportBuilder\ReportBuilder\wwwroot\dist\ts\components\Text.js
E:\Git\ReportBuilder\ReportBuilder\wwwroot\dist\ts\components\Text.js.map
E:\Git\ReportBuilder\ReportBuilder\wwwroot\dist\ts\components\Text.d.ts
E:\Git\ReportBuilder\ReportBuilder\wwwroot\dist\ts\components\TextControls.js
E:\Git\ReportBuilder\ReportBuilder\wwwroot\dist\ts\components\TextControls.js.map
E:\Git\ReportBuilder\ReportBuilder\wwwroot\dist\ts\components\TextControls.d.ts
E:\Git\ReportBuilder\ReportBuilder\wwwroot\dist\ts\site.js
E:\Git\ReportBuilder\ReportBuilder\wwwroot\dist\ts\site.js.map
E:\Git\ReportBuilder\ReportBuilder\wwwroot\dist\ts\site.d.ts
E:\Git\ReportBuilder\ReportBuilder\wwwroot\dist\ts\index.js
E:\Git\ReportBuilder\ReportBuilder\wwwroot\dist\ts\index.js.map
E:\Git\ReportBuilder\ReportBuilder\wwwroot\dist\ts\index.d.ts
E:\Git\ReportBuilder\ReportBuilder\wwwroot\dist\ts\helpers\Helpers.js
E:\Git\ReportBuilder\ReportBuilder\wwwroot\dist\ts\helpers\Helpers.js.map
E:\Git\ReportBuilder\ReportBuilder\wwwroot\dist\ts\helpers\Helpers.d.ts
E:\Git\ReportBuilder\ReportBuilder\wwwroot\dist\ts\components\Enums.js
E:\Git\ReportBuilder\ReportBuilder\wwwroot\dist\ts\components\Enums.js.map
E:\Git\ReportBuilder\ReportBuilder\wwwroot\dist\ts\components\Enums.d.ts
E:\Git\ReportBuilder\ReportBuilder\wwwroot\dist\ts\components\Text.js
E:\Git\ReportBuilder\ReportBuilder\wwwroot\dist\ts\components\Text.js.map
E:\Git\ReportBuilder\ReportBuilder\wwwroot\dist\ts\components\Text.d.ts
E:\Git\ReportBuilder\ReportBuilder\wwwroot\dist\ts\components\TextControls.js
E:\Git\ReportBuilder\ReportBuilder\wwwroot\dist\ts\components\TextControls.js.map
E:\Git\ReportBuilder\ReportBuilder\wwwroot\dist\ts\components\TextControls.d.ts
E:\Git\ReportBuilder\ReportBuilder\wwwroot\dist\ts\site.js
E:\Git\ReportBuilder\ReportBuilder\wwwroot\dist\ts\site.js.map
E:\Git\ReportBuilder\ReportBuilder\wwwroot\dist\ts\site.d.ts
E:\Git\ReportBuilder\ReportBuilder\wwwroot\dist\ts\index.js
E:\Git\ReportBuilder\ReportBuilder\wwwroot\dist\ts\index.js.map
E:\Git\ReportBuilder\ReportBuilder\wwwroot\dist\ts\index.d.ts
E:\Git\ReportBuilder\ReportBuilder\wwwroot\dist\ts\helpers\Helpers.js
E:\Git\ReportBuilder\ReportBuilder\wwwroot\dist\ts\helpers\Helpers.js.map
E:\Git\ReportBuilder\ReportBuilder\wwwroot\dist\ts\helpers\Helpers.d.ts
E:\Git\ReportBuilder\ReportBuilder\wwwroot\dist\ts\components\Enums.js
E:\Git\ReportBuilder\ReportBuilder\wwwroot\dist\ts\components\Enums.js.map
E:\Git\ReportBuilder\ReportBuilder\wwwroot\dist\ts\components\Enums.d.ts
E:\Git\ReportBuilder\ReportBuilder\wwwroot\dist\ts\components\Text.js
E:\Git\ReportBuilder\ReportBuilder\wwwroot\dist\ts\components\Text.js.map
E:\Git\ReportBuilder\ReportBuilder\wwwroot\dist\ts\components\Text.d.ts
E:\Git\ReportBuilder\ReportBuilder\wwwroot\dist\ts\components\TextControls.js
E:\Git\ReportBuilder\ReportBuilder\wwwroot\dist\ts\components\TextControls.js.map
E:\Git\ReportBuilder\ReportBuilder\wwwroot\dist\ts\components\TextControls.d.ts
